********************************************************************************
DUPLICATOR-LITE PACKAGE-LOG: September 8, 2020 1:10 pm
NOTICE: Do NOT post to public sites or forums 
********************************************************************************
VERSION:	1.3.36
WORDPRESS:	5.5.1
PHP INFO:	7.3.21 | SAPI: apache2handler
SERVER:		Apache/2.4.46 (Win64) PHP/7.3.21 
PHP TIME LIMIT: (0) no time limit imposed 
PHP MAX MEMORY: 4294967296 (128M default) 
MEMORY STACK: 2MB

********************************************************************************
DATABASE:
********************************************************************************
BUILD MODE:   PHP(query limit - 100)
MYSQLTIMEOUT: 5000
MYSQLDUMP:    Not Supported
TABLES: total:46 | filtered:0 | create:46
FILTERED: []
SQL CREATED: 20200908_monjekafashion_1a0761bc69c1b9742124_20200908130634_database.sql
SQL FILE SIZE: 3.5MB (3670207)
SQL FILE TIME: 2020-09-08 13:10:13
SQL RUNTIME: 2.72 sec.

********************************************************************************
ARCHIVE (ZIP):
********************************************************************************
ARCHIVE DIR:  C:/wamp/www/monjeka
ARCHIVE FILE: 20200908_monjekafashion_1a0761bc69c1b9742124_20200908130634_archive.zip
FILTERS: *OFF*
DIRS:
	not set
FILES:
	not set
EXTS:  not set
----------------------------------------
COMPRESSING
SIZE:	199.94MB
STATS:	Dirs 1,748 | Files 10,311
SQL ADDED: 20200908_monjekafashion_1a0761bc69c1b9742124_20200908130634_database.sql
ZipArchive Object
(
    [status] => 0
    [statusSys] => 0
    [numFiles] => 12059
    [filename] => C:\wamp\www\monjeka\wp-content\backups-dup-lite\tmp\20200908_monjekafashion_1a0761bc69c1b9742124_20200908130634_archive.zip
    [comment] => 
)

FILE ADDED TO ZIP: 12058
COMPRESSION RESULT: '1'
COMPRESSED SIZE: 78.11MB
ARCHIVE RUNTIME: 823.86 sec.
MEMORY STACK: 6MB
building installer
add_extra_files1
add_extra_files2
add_extra_files3
add_extra_files4
Doing archive file check
add_extra_files5
add_extra_files6
add_extra_files8
Successfully opened zip C:/wamp/www/monjeka/wp-content/backups-dup-lite/tmp/20200908_monjekafashion_1a0761bc69c1b9742124_20200908130634_archive.zip
Adding enhanced installer files to archive using ZipArchive
Installer files added to archive
Added to archive
After ziparchive close when adding installer

********************************************************************************
INTEGRITY CHECKS:
********************************************************************************
SQL FILE: 3.5MB
INSTALLER FILE: 61.32KB
ARCHIVE FILE: 79.65MB 
EXPECTED FILE/DIRECTORY COUNT: 12,059
ACTUAL FILE/DIRECTORY COUNT: 12,058
ARCHIVE CONSISTENCY TEST: Pass

********************************************************************************
RECORD ID:[1]
TOTAL PROCESS RUNTIME: 842.60 sec.
PEAK PHP MEMORY USED: 8MB
DONE PROCESSING => 20200908_monjekafashion September 8, 2020 1:24 pm

